runspec v6674 started at Thu Aug  1 23:20:42 2019 on "r4zv4n"
runspec is: /home/razvan/Desktop/CPUSPEC/bin/runspec
runspec: runspec --config=mytest.cfg int
toolset: linux-suse10-amd64

Locating benchmarks...found 31 benchmarks in 6 benchsets.
Reading config file '/home/razvan/Desktop/CPUSPEC/config/mytest.cfg'
Running "specperl /home/razvan/Desktop/CPUSPEC/Docs/sysinfo" to gather system information.
Read 62 total lines from the sysinfo program.
Read 61 usable lines from the sysinfo program.

Loading "http://www.spec.org/auto/cpu2006/current_version" for version check: OK
Reportable runs must include a 'test' run; adding to run list
Reportable runs must include a 'train' run; adding to run list
Retrieving flags file (/home/razvan/Desktop/CPUSPEC/config/flags/Example-gcc4x-flags-revA.xml)...
Retrieving flags file (/home/razvan/Desktop/CPUSPEC/config/flags/Example-linux-platform-revA.xml)...
Verbosity = 5
Action    = validate
Tune      = base
Ext       = gcc43-64bit
Size      = test,train,ref
Machine   = default
benchmarks= 400.perlbench,401.bzip2,403.gcc,429.mcf,445.gobmk,456.hmmer,458.sjeng,462.libquantum,464.h264ref,471.omnetpp,473.astar,483.xalancbmk,999.specrand
outputs   = asc,csv,html
username  = razvan
Benchmarks selected: 400.perlbench, 401.bzip2, 403.gcc, 429.mcf, 445.gobmk, 456.hmmer, 458.sjeng, 462.libquantum, 464.h264ref, 471.omnetpp, 473.astar, 483.xalancbmk, 999.specrand

Notice: Errors may not be ignored for reportable runs.
Compiling Binaries

------------------------------------------------------------------------
  Up to date 400.perlbench base gcc43-64bit default

------------------------------------------------------------------------
  Up to date 401.bzip2 base gcc43-64bit default

------------------------------------------------------------------------
  Up to date 403.gcc base gcc43-64bit default

------------------------------------------------------------------------
  Up to date 429.mcf base gcc43-64bit default

------------------------------------------------------------------------
  Up to date 445.gobmk base gcc43-64bit default

------------------------------------------------------------------------
  Up to date 456.hmmer base gcc43-64bit default

------------------------------------------------------------------------
  Up to date 458.sjeng base gcc43-64bit default

------------------------------------------------------------------------
  Up to date 462.libquantum base gcc43-64bit default

------------------------------------------------------------------------
  Up to date 464.h264ref base gcc43-64bit default

------------------------------------------------------------------------
  Up to date 471.omnetpp base gcc43-64bit default

------------------------------------------------------------------------
  Up to date 473.astar base gcc43-64bit default

------------------------------------------------------------------------
  Up to date 483.xalancbmk base gcc43-64bit default

------------------------------------------------------------------------
  Up to date 999.specrand base gcc43-64bit default


Setting Up Run Directories
  Setting up 400.perlbench test base gcc43-64bit default: created (run_base_test_gcc43-64bit.0001)
  Setting up 401.bzip2 test base gcc43-64bit default: created (run_base_test_gcc43-64bit.0001)
  Setting up 403.gcc test base gcc43-64bit default: created (run_base_test_gcc43-64bit.0001)
  Setting up 429.mcf test base gcc43-64bit default: created (run_base_test_gcc43-64bit.0001)
  Setting up 445.gobmk test base gcc43-64bit default: created (run_base_test_gcc43-64bit.0001)
  Setting up 456.hmmer test base gcc43-64bit default: created (run_base_test_gcc43-64bit.0001)
  Setting up 458.sjeng test base gcc43-64bit default: created (run_base_test_gcc43-64bit.0001)
  Setting up 462.libquantum test base gcc43-64bit default: created (run_base_test_gcc43-64bit.0001)
  Setting up 464.h264ref test base gcc43-64bit default: created (run_base_test_gcc43-64bit.0001)
  Setting up 471.omnetpp test base gcc43-64bit default: created (run_base_test_gcc43-64bit.0001)
  Setting up 473.astar test base gcc43-64bit default: created (run_base_test_gcc43-64bit.0001)
  Setting up 483.xalancbmk test base gcc43-64bit default: created (run_base_test_gcc43-64bit.0001)
  Setting up 999.specrand test base gcc43-64bit default: created (run_base_test_gcc43-64bit.0001)

-----------------------------------
Running Benchmarks

-----------------------------------
  Running 400.perlbench test base gcc43-64bit default
Commands to run:
    -b numactl -m 0 --physcpubind=0
    -C /home/razvan/Desktop/CPUSPEC/benchspec/CPU2006/400.perlbench/run/run_base_test_gcc43-64bit.0001
    -o attrs.out -e attrs.err ../run_base_test_gcc43-64bit.0001/perlbench_base.gcc43-64bit -I. -I./lib attrs.pl (timed)
    -o gv.out -e gv.err ../run_base_test_gcc43-64bit.0001/perlbench_base.gcc43-64bit -I. -I./lib gv.pl (timed)
    -o makerand.out -e makerand.err ../run_base_test_gcc43-64bit.0001/perlbench_base.gcc43-64bit -I. -I./lib makerand.pl (timed)
    -o pack.out -e pack.err ../run_base_test_gcc43-64bit.0001/perlbench_base.gcc43-64bit -I. -I./lib pack.pl (timed)
    -o redef.out -e redef.err ../run_base_test_gcc43-64bit.0001/perlbench_base.gcc43-64bit -I. -I./lib redef.pl (timed)
    -o ref.out -e ref.err ../run_base_test_gcc43-64bit.0001/perlbench_base.gcc43-64bit -I. -I./lib ref.pl (timed)
    -o regmesg.out -e regmesg.err ../run_base_test_gcc43-64bit.0001/perlbench_base.gcc43-64bit -I. -I./lib regmesg.pl (timed)
    -o test.out -e test.err ../run_base_test_gcc43-64bit.0001/perlbench_base.gcc43-64bit -I. -I./lib test.pl (timed)
Specinvoke: /home/razvan/Desktop/CPUSPEC/bin/specinvoke -d /home/razvan/Desktop/CPUSPEC/benchspec/CPU2006/400.perlbench/run/run_base_test_gcc43-64bit.0001 -e speccmds.err -o speccmds.stdout -f speccmds.cmd -C -q
Issuing command '/home/razvan/Desktop/CPUSPEC/bin/specinvoke -d /home/razvan/Desktop/CPUSPEC/benchspec/CPU2006/400.perlbench/run/run_base_test_gcc43-64bit.0001 -e speccmds.err -o speccmds.stdout -f speccmds.cmd -C -q'
/home/razvan/Desktop/CPUSPEC/bin/specinvoke -d /home/razvan/Desktop/CPUSPEC/benchspec/CPU2006/400.perlbench/run/run_base_test_gcc43-64bit.0001 -e speccmds.err -o speccmds.stdout -f speccmds.cmd -C -q
Start command: Thu Aug  1 23:20:50 2019 (1564694450)
